<?xml version="1.0" encoding="UTF-8"?>
<testsuite xmlns:xsi="http://www.w3.org/2001/XMLSchema-instance" xsi:noNamespaceSchemaLocation="https://maven.apache.org/surefire/maven-surefire-plugin/xsd/surefire-test-report-3.0.xsd" version="3.0" name="com.example.kafka.KafkaDeserializationResilienceTest" time="10.125" tests="1" errors="0" skipped="0" failures="0">
  <properties>
[...]
</properties>
  <testcase name="testJsonDeserializationError" classname="com.example.kafka.KafkaDeserializationResilienceTest" time="2.06">
    <system-out><![CDATA[✅ Erreur de désérialisation capturée : Cannot deserialize value of type `int` from String "trente": not a valid `int` value
 at [Source: (String)"    { "name": "Hugo", "age": "trente", "address": { "street": "rue X", "city": "Lille", "zip": "59000" } }
"; line: 1, column: 30] (through reference chain: com.example.kafka.model.Person["age"])
]]></system-out>
    <system-err><![CDATA[SLF4J: Failed to load class "org.slf4j.impl.StaticLoggerBinder".
SLF4J: Defaulting to no-operation (NOP) logger implementation
SLF4J: See http://www.slf4j.org/codes.html#StaticLoggerBinder for further details.
SLF4J: Failed to load class "org.slf4j.impl.StaticMDCBinder".
SLF4J: Defaulting to no-operation MDCAdapter implementation.
SLF4J: See http://www.slf4j.org/codes.html#no_static_mdc_binder for further details.
]]></system-err>
  </testcase>
</testsuite>