<?xml version="1.0" encoding="UTF-8"?>
<testsuite xmlns:xsi="http://www.w3.org/2001/XMLSchema-instance" xsi:noNamespaceSchemaLocation="https://maven.apache.org/surefire/maven-surefire-plugin/xsd/surefire-test-report-3.0.xsd" version="3.0" name="com.example.kafka.KafkaOrderProcessingTest" time="14.381" tests="1" errors="0" skipped="0" failures="0">
  <properties>
[...]
</properties>
  <testcase name="testOrderProcessingFlow" classname="com.example.kafka.KafkaOrderProcessingTest" time="14.107">
    <system-err><![CDATA[[main] INFO org.testcontainers.utility.ImageNameSubstitutor - Image name substitution will be performed by: DefaultImageNameSubstitutor (composite of 'ConfigurationFileImageNameSubstitutor' and 'PrefixingImageNameSubstitutor')
[main] INFO org.testcontainers.dockerclient.DockerClientProviderStrategy - Loaded org.testcontainers.dockerclient.NpipeSocketClientProviderStrategy from ~/.testcontainers.properties, will try it first
[main] INFO org.testcontainers.dockerclient.DockerClientProviderStrategy - Found Docker environment with local Npipe socket (npipe:////./pipe/docker_engine)
[main] INFO org.testcontainers.DockerClientFactory - Docker host IP address is localhost
[main] INFO org.testcontainers.DockerClientFactory - Connected to docker: 
  Server Version: 28.1.1
  API Version: 1.49
  Operating System: Docker Desktop
  Total Memory: 7740 MB
[main] INFO tc.testcontainers/ryuk:0.5.1 - Creating container for image: testcontainers/ryuk:0.5.1
[main] INFO tc.testcontainers/ryuk:0.5.1 - Container testcontainers/ryuk:0.5.1 is starting: 2c301bdc367263d3fd8fe1662465d0f8961f496512fad6cbacd4e1df5e0f00ba
[main] INFO tc.testcontainers/ryuk:0.5.1 - Container testcontainers/ryuk:0.5.1 started in PT1.1528733S
[main] INFO org.testcontainers.utility.RyukResourceReaper - Ryuk started - will monitor and terminate Testcontainers containers on JVM exit
[main] INFO org.testcontainers.DockerClientFactory - Checking the system...
[main] INFO org.testcontainers.DockerClientFactory - ✔︎ Docker server version should be at least 1.6.0
[main] INFO tc.confluentinc/cp-kafka:7.2.1 - Creating container for image: confluentinc/cp-kafka:7.2.1
[main] INFO tc.confluentinc/cp-kafka:7.2.1 - Container confluentinc/cp-kafka:7.2.1 is starting: c478ad6feee93fc4a8be4c50ab947a27c44a1fb6346a9b78a4646d5bc2b01efc
[main] INFO tc.confluentinc/cp-kafka:7.2.1 - Container confluentinc/cp-kafka:7.2.1 started in PT7.9162494S
[main] INFO com.example.kafka.KafkaOrderProcessingTest - 🔄 Envoi initial de l'Order : {"id":"ORDER-001","amount":150.0,"status":"NEW"}
[main] INFO org.apache.kafka.clients.producer.ProducerConfig - ProducerConfig values: 
	acks = -1
	auto.include.jmx.reporter = true
	batch.size = 16384
	bootstrap.servers = [PLAINTEXT://localhost:59956]
	buffer.memory = 33554432
	client.dns.lookup = use_all_dns_ips
	client.id = producer-1
	compression.type = none
	connections.max.idle.ms = 540000
	delivery.timeout.ms = 120000
	enable.idempotence = true
	interceptor.classes = []
	key.serializer = class org.apache.kafka.common.serialization.StringSerializer
	linger.ms = 0
	max.block.ms = 60000
	max.in.flight.requests.per.connection = 5
	max.request.size = 1048576
	metadata.max.age.ms = 300000
	metadata.max.idle.ms = 300000
	metric.reporters = []
	metrics.num.samples = 2
	metrics.recording.level = INFO
	metrics.sample.window.ms = 30000
	partitioner.adaptive.partitioning.enable = true
	partitioner.availability.timeout.ms = 0
	partitioner.class = null
	partitioner.ignore.keys = false
	receive.buffer.bytes = 32768
	reconnect.backoff.max.ms = 1000
	reconnect.backoff.ms = 50
	request.timeout.ms = 30000
	retries = 2147483647
	retry.backoff.ms = 100
	sasl.client.callback.handler.class = null
	sasl.jaas.config = null
	sasl.kerberos.kinit.cmd = /usr/bin/kinit
	sasl.kerberos.min.time.before.relogin = 60000
	sasl.kerberos.service.name = null
	sasl.kerberos.ticket.renew.jitter = 0.05
	sasl.kerberos.ticket.renew.window.factor = 0.8
	sasl.login.callback.handler.class = null
	sasl.login.class = null
	sasl.login.connect.timeout.ms = null
	sasl.login.read.timeout.ms = null
	sasl.login.refresh.buffer.seconds = 300
	sasl.login.refresh.min.period.seconds = 60
	sasl.login.refresh.window.factor = 0.8
	sasl.login.refresh.window.jitter = 0.05
	sasl.login.retry.backoff.max.ms = 10000
	sasl.login.retry.backoff.ms = 100
	sasl.mechanism = GSSAPI
	sasl.oauthbearer.clock.skew.seconds = 30
	sasl.oauthbearer.expected.audience = null
	sasl.oauthbearer.expected.issuer = null
	sasl.oauthbearer.jwks.endpoint.refresh.ms = 3600000
	sasl.oauthbearer.jwks.endpoint.retry.backoff.max.ms = 10000
	sasl.oauthbearer.jwks.endpoint.retry.backoff.ms = 100
	sasl.oauthbearer.jwks.endpoint.url = null
	sasl.oauthbearer.scope.claim.name = scope
	sasl.oauthbearer.sub.claim.name = sub
	sasl.oauthbearer.token.endpoint.url = null
	security.protocol = PLAINTEXT
	security.providers = null
	send.buffer.bytes = 131072
	socket.connection.setup.timeout.max.ms = 30000
	socket.connection.setup.timeout.ms = 10000
	ssl.cipher.suites = null
	ssl.enabled.protocols = [TLSv1.2, TLSv1.3]
	ssl.endpoint.identification.algorithm = https
	ssl.engine.factory.class = null
	ssl.key.password = null
	ssl.keymanager.algorithm = SunX509
	ssl.keystore.certificate.chain = null
	ssl.keystore.key = null
	ssl.keystore.location = null
	ssl.keystore.password = null
	ssl.keystore.type = JKS
	ssl.protocol = TLSv1.3
	ssl.provider = null
	ssl.secure.random.implementation = null
	ssl.trustmanager.algorithm = PKIX
	ssl.truststore.certificates = null
	ssl.truststore.location = null
	ssl.truststore.password = null
	ssl.truststore.type = JKS
	transaction.timeout.ms = 60000
	transactional.id = null
	value.serializer = class org.apache.kafka.common.serialization.StringSerializer

[main] INFO org.apache.kafka.clients.producer.KafkaProducer - [Producer clientId=producer-1] Instantiated an idempotent producer.
[main] INFO org.apache.kafka.common.utils.AppInfoParser - Kafka version: 3.4.0
[main] INFO org.apache.kafka.common.utils.AppInfoParser - Kafka commitId: 2e1947d240607d53
[main] INFO org.apache.kafka.common.utils.AppInfoParser - Kafka startTimeMs: 1748871874445
[kafka-producer-network-thread | producer-1] WARN org.apache.kafka.clients.NetworkClient - [Producer clientId=producer-1] Error while fetching metadata with correlation id 1 : {order-input=LEADER_NOT_AVAILABLE}
[kafka-producer-network-thread | producer-1] INFO org.apache.kafka.clients.Metadata - [Producer clientId=producer-1] Cluster ID: 69IDOqMNR32thgKImVHkiQ
[kafka-producer-network-thread | producer-1] INFO org.apache.kafka.clients.producer.internals.TransactionManager - [Producer clientId=producer-1] ProducerId set to 0 with epoch 0
[kafka-producer-network-thread | producer-1] WARN org.apache.kafka.clients.NetworkClient - [Producer clientId=producer-1] Error while fetching metadata with correlation id 4 : {order-input=LEADER_NOT_AVAILABLE}
[kafka-producer-network-thread | producer-1] WARN org.apache.kafka.clients.NetworkClient - [Producer clientId=producer-1] Error while fetching metadata with correlation id 5 : {order-input=LEADER_NOT_AVAILABLE}
[kafka-producer-network-thread | producer-1] INFO org.apache.kafka.clients.Metadata - [Producer clientId=producer-1] Resetting the last seen epoch of partition order-input-0 to 0 since the associated topicId changed from null to jLKj9P-ZQEOQQ2L6do57Lw
[main] INFO com.example.kafka.KafkaOrderProcessingTest - ✅ Order envoyé dans le topic 'order-input'
[main] INFO org.apache.kafka.clients.producer.KafkaProducer - [Producer clientId=producer-1] Closing the Kafka producer with timeoutMillis = 9223372036854775807 ms.
[main] INFO org.apache.kafka.common.metrics.Metrics - Metrics scheduler closed
[main] INFO org.apache.kafka.common.metrics.Metrics - Closing reporter org.apache.kafka.common.metrics.JmxReporter
[main] INFO org.apache.kafka.common.metrics.Metrics - Metrics reporters closed
[main] INFO org.apache.kafka.common.utils.AppInfoParser - App info kafka.producer for producer-1 unregistered
[main] INFO org.apache.kafka.clients.consumer.ConsumerConfig - ConsumerConfig values: 
	allow.auto.create.topics = true
	auto.commit.interval.ms = 5000
	auto.include.jmx.reporter = true
	auto.offset.reset = earliest
	bootstrap.servers = [PLAINTEXT://localhost:59956]
	check.crcs = true
	client.dns.lookup = use_all_dns_ips
	client.id = consumer-order-processing-group-a7f62913-85df-4e0b-81d8-c4d085112fb2-1
	client.rack = 
	connections.max.idle.ms = 540000
	default.api.timeout.ms = 60000
	enable.auto.commit = true
	exclude.internal.topics = true
	fetch.max.bytes = 52428800
	fetch.max.wait.ms = 500
	fetch.min.bytes = 1
	group.id = order-processing-group-a7f62913-85df-4e0b-81d8-c4d085112fb2
	group.instance.id = null
	heartbeat.interval.ms = 3000
	interceptor.classes = []
	internal.leave.group.on.close = true
	internal.throw.on.fetch.stable.offset.unsupported = false
	isolation.level = read_uncommitted
	key.deserializer = class org.apache.kafka.common.serialization.StringDeserializer
	max.partition.fetch.bytes = 1048576
	max.poll.interval.ms = 300000
	max.poll.records = 500
	metadata.max.age.ms = 300000
	metric.reporters = []
	metrics.num.samples = 2
	metrics.recording.level = INFO
	metrics.sample.window.ms = 30000
	partition.assignment.strategy = [class org.apache.kafka.clients.consumer.RangeAssignor, class org.apache.kafka.clients.consumer.CooperativeStickyAssignor]
	receive.buffer.bytes = 65536
	reconnect.backoff.max.ms = 1000
	reconnect.backoff.ms = 50
	request.timeout.ms = 30000
	retry.backoff.ms = 100
	sasl.client.callback.handler.class = null
	sasl.jaas.config = null
	sasl.kerberos.kinit.cmd = /usr/bin/kinit
	sasl.kerberos.min.time.before.relogin = 60000
	sasl.kerberos.service.name = null
	sasl.kerberos.ticket.renew.jitter = 0.05
	sasl.kerberos.ticket.renew.window.factor = 0.8
	sasl.login.callback.handler.class = null
	sasl.login.class = null
	sasl.login.connect.timeout.ms = null
	sasl.login.read.timeout.ms = null
	sasl.login.refresh.buffer.seconds = 300
	sasl.login.refresh.min.period.seconds = 60
	sasl.login.refresh.window.factor = 0.8
	sasl.login.refresh.window.jitter = 0.05
	sasl.login.retry.backoff.max.ms = 10000
	sasl.login.retry.backoff.ms = 100
	sasl.mechanism = GSSAPI
	sasl.oauthbearer.clock.skew.seconds = 30
	sasl.oauthbearer.expected.audience = null
	sasl.oauthbearer.expected.issuer = null
	sasl.oauthbearer.jwks.endpoint.refresh.ms = 3600000
	sasl.oauthbearer.jwks.endpoint.retry.backoff.max.ms = 10000
	sasl.oauthbearer.jwks.endpoint.retry.backoff.ms = 100
	sasl.oauthbearer.jwks.endpoint.url = null
	sasl.oauthbearer.scope.claim.name = scope
	sasl.oauthbearer.sub.claim.name = sub
	sasl.oauthbearer.token.endpoint.url = null
	security.protocol = PLAINTEXT
	security.providers = null
	send.buffer.bytes = 131072
	session.timeout.ms = 45000
	socket.connection.setup.timeout.max.ms = 30000
	socket.connection.setup.timeout.ms = 10000
	ssl.cipher.suites = null
	ssl.enabled.protocols = [TLSv1.2, TLSv1.3]
	ssl.endpoint.identification.algorithm = https
	ssl.engine.factory.class = null
	ssl.key.password = null
	ssl.keymanager.algorithm = SunX509
	ssl.keystore.certificate.chain = null
	ssl.keystore.key = null
	ssl.keystore.location = null
	ssl.keystore.password = null
	ssl.keystore.type = JKS
	ssl.protocol = TLSv1.3
	ssl.provider = null
	ssl.secure.random.implementation = null
	ssl.trustmanager.algorithm = PKIX
	ssl.truststore.certificates = null
	ssl.truststore.location = null
	ssl.truststore.password = null
	ssl.truststore.type = JKS
	value.deserializer = class org.apache.kafka.common.serialization.StringDeserializer

[main] INFO org.apache.kafka.common.utils.AppInfoParser - Kafka version: 3.4.0
[main] INFO org.apache.kafka.common.utils.AppInfoParser - Kafka commitId: 2e1947d240607d53
[main] INFO org.apache.kafka.common.utils.AppInfoParser - Kafka startTimeMs: 1748871875877
[main] INFO org.apache.kafka.clients.producer.ProducerConfig - ProducerConfig values: 
	acks = -1
	auto.include.jmx.reporter = true
	batch.size = 16384
	bootstrap.servers = [PLAINTEXT://localhost:59956]
	buffer.memory = 33554432
	client.dns.lookup = use_all_dns_ips
	client.id = producer-2
	compression.type = none
	connections.max.idle.ms = 540000
	delivery.timeout.ms = 120000
	enable.idempotence = true
	interceptor.classes = []
	key.serializer = class org.apache.kafka.common.serialization.StringSerializer
	linger.ms = 0
	max.block.ms = 60000
	max.in.flight.requests.per.connection = 5
	max.request.size = 1048576
	metadata.max.age.ms = 300000
	metadata.max.idle.ms = 300000
	metric.reporters = []
	metrics.num.samples = 2
	metrics.recording.level = INFO
	metrics.sample.window.ms = 30000
	partitioner.adaptive.partitioning.enable = true
	partitioner.availability.timeout.ms = 0
	partitioner.class = null
	partitioner.ignore.keys = false
	receive.buffer.bytes = 32768
	reconnect.backoff.max.ms = 1000
	reconnect.backoff.ms = 50
	request.timeout.ms = 30000
	retries = 2147483647
	retry.backoff.ms = 100
	sasl.client.callback.handler.class = null
	sasl.jaas.config = null
	sasl.kerberos.kinit.cmd = /usr/bin/kinit
	sasl.kerberos.min.time.before.relogin = 60000
	sasl.kerberos.service.name = null
	sasl.kerberos.ticket.renew.jitter = 0.05
	sasl.kerberos.ticket.renew.window.factor = 0.8
	sasl.login.callback.handler.class = null
	sasl.login.class = null
	sasl.login.connect.timeout.ms = null
	sasl.login.read.timeout.ms = null
	sasl.login.refresh.buffer.seconds = 300
	sasl.login.refresh.min.period.seconds = 60
	sasl.login.refresh.window.factor = 0.8
	sasl.login.refresh.window.jitter = 0.05
	sasl.login.retry.backoff.max.ms = 10000
	sasl.login.retry.backoff.ms = 100
	sasl.mechanism = GSSAPI
	sasl.oauthbearer.clock.skew.seconds = 30
	sasl.oauthbearer.expected.audience = null
	sasl.oauthbearer.expected.issuer = null
	sasl.oauthbearer.jwks.endpoint.refresh.ms = 3600000
	sasl.oauthbearer.jwks.endpoint.retry.backoff.max.ms = 10000
	sasl.oauthbearer.jwks.endpoint.retry.backoff.ms = 100
	sasl.oauthbearer.jwks.endpoint.url = null
	sasl.oauthbearer.scope.claim.name = scope
	sasl.oauthbearer.sub.claim.name = sub
	sasl.oauthbearer.token.endpoint.url = null
	security.protocol = PLAINTEXT
	security.providers = null
	send.buffer.bytes = 131072
	socket.connection.setup.timeout.max.ms = 30000
	socket.connection.setup.timeout.ms = 10000
	ssl.cipher.suites = null
	ssl.enabled.protocols = [TLSv1.2, TLSv1.3]
	ssl.endpoint.identification.algorithm = https
	ssl.engine.factory.class = null
	ssl.key.password = null
	ssl.keymanager.algorithm = SunX509
	ssl.keystore.certificate.chain = null
	ssl.keystore.key = null
	ssl.keystore.location = null
	ssl.keystore.password = null
	ssl.keystore.type = JKS
	ssl.protocol = TLSv1.3
	ssl.provider = null
	ssl.secure.random.implementation = null
	ssl.trustmanager.algorithm = PKIX
	ssl.truststore.certificates = null
	ssl.truststore.location = null
	ssl.truststore.password = null
	ssl.truststore.type = JKS
	transaction.timeout.ms = 60000
	transactional.id = null
	value.serializer = class org.apache.kafka.common.serialization.StringSerializer

[main] INFO org.apache.kafka.clients.producer.KafkaProducer - [Producer clientId=producer-2] Instantiated an idempotent producer.
[main] INFO org.apache.kafka.common.utils.AppInfoParser - Kafka version: 3.4.0
[main] INFO org.apache.kafka.common.utils.AppInfoParser - Kafka commitId: 2e1947d240607d53
[main] INFO org.apache.kafka.common.utils.AppInfoParser - Kafka startTimeMs: 1748871875889
[main] INFO org.apache.kafka.clients.consumer.KafkaConsumer - [Consumer clientId=consumer-order-processing-group-a7f62913-85df-4e0b-81d8-c4d085112fb2-1, groupId=order-processing-group-a7f62913-85df-4e0b-81d8-c4d085112fb2] Subscribed to topic(s): order-input
[kafka-producer-network-thread | producer-2] INFO org.apache.kafka.clients.Metadata - [Producer clientId=producer-2] Cluster ID: 69IDOqMNR32thgKImVHkiQ
[kafka-producer-network-thread | producer-2] INFO org.apache.kafka.clients.producer.internals.TransactionManager - [Producer clientId=producer-2] ProducerId set to 1 with epoch 0
[awaitility-thread] INFO org.apache.kafka.clients.Metadata - [Consumer clientId=consumer-order-processing-group-a7f62913-85df-4e0b-81d8-c4d085112fb2-1, groupId=order-processing-group-a7f62913-85df-4e0b-81d8-c4d085112fb2] Resetting the last seen epoch of partition order-input-0 to 0 since the associated topicId changed from null to jLKj9P-ZQEOQQ2L6do57Lw
[awaitility-thread] INFO org.apache.kafka.clients.Metadata - [Consumer clientId=consumer-order-processing-group-a7f62913-85df-4e0b-81d8-c4d085112fb2-1, groupId=order-processing-group-a7f62913-85df-4e0b-81d8-c4d085112fb2] Cluster ID: 69IDOqMNR32thgKImVHkiQ
[awaitility-thread] INFO org.apache.kafka.clients.consumer.internals.ConsumerCoordinator - [Consumer clientId=consumer-order-processing-group-a7f62913-85df-4e0b-81d8-c4d085112fb2-1, groupId=order-processing-group-a7f62913-85df-4e0b-81d8-c4d085112fb2] Discovered group coordinator localhost:59956 (id: 2147483646 rack: null)
[awaitility-thread] INFO org.apache.kafka.clients.consumer.internals.ConsumerCoordinator - [Consumer clientId=consumer-order-processing-group-a7f62913-85df-4e0b-81d8-c4d085112fb2-1, groupId=order-processing-group-a7f62913-85df-4e0b-81d8-c4d085112fb2] (Re-)joining group
[awaitility-thread] INFO org.apache.kafka.clients.consumer.internals.ConsumerCoordinator - [Consumer clientId=consumer-order-processing-group-a7f62913-85df-4e0b-81d8-c4d085112fb2-1, groupId=order-processing-group-a7f62913-85df-4e0b-81d8-c4d085112fb2] Request joining group due to: need to re-join with the given member-id: consumer-order-processing-group-a7f62913-85df-4e0b-81d8-c4d085112fb2-1-9e88d156-1c6b-42bd-b556-043c79cf104b
[awaitility-thread] INFO org.apache.kafka.clients.consumer.internals.ConsumerCoordinator - [Consumer clientId=consumer-order-processing-group-a7f62913-85df-4e0b-81d8-c4d085112fb2-1, groupId=order-processing-group-a7f62913-85df-4e0b-81d8-c4d085112fb2] Request joining group due to: rebalance failed due to 'The group member needs to have a valid member id before actually entering a consumer group.' (MemberIdRequiredException)
[awaitility-thread] INFO org.apache.kafka.clients.consumer.internals.ConsumerCoordinator - [Consumer clientId=consumer-order-processing-group-a7f62913-85df-4e0b-81d8-c4d085112fb2-1, groupId=order-processing-group-a7f62913-85df-4e0b-81d8-c4d085112fb2] (Re-)joining group
[awaitility-thread] INFO org.apache.kafka.clients.consumer.internals.ConsumerCoordinator - [Consumer clientId=consumer-order-processing-group-a7f62913-85df-4e0b-81d8-c4d085112fb2-1, groupId=order-processing-group-a7f62913-85df-4e0b-81d8-c4d085112fb2] Successfully joined group with generation Generation{generationId=1, memberId='consumer-order-processing-group-a7f62913-85df-4e0b-81d8-c4d085112fb2-1-9e88d156-1c6b-42bd-b556-043c79cf104b', protocol='range'}
[awaitility-thread] INFO org.apache.kafka.clients.consumer.internals.ConsumerCoordinator - [Consumer clientId=consumer-order-processing-group-a7f62913-85df-4e0b-81d8-c4d085112fb2-1, groupId=order-processing-group-a7f62913-85df-4e0b-81d8-c4d085112fb2] Finished assignment for group at generation 1: {consumer-order-processing-group-a7f62913-85df-4e0b-81d8-c4d085112fb2-1-9e88d156-1c6b-42bd-b556-043c79cf104b=Assignment(partitions=[order-input-0])}
[awaitility-thread] INFO org.apache.kafka.clients.consumer.internals.ConsumerCoordinator - [Consumer clientId=consumer-order-processing-group-a7f62913-85df-4e0b-81d8-c4d085112fb2-1, groupId=order-processing-group-a7f62913-85df-4e0b-81d8-c4d085112fb2] Successfully synced group in generation Generation{generationId=1, memberId='consumer-order-processing-group-a7f62913-85df-4e0b-81d8-c4d085112fb2-1-9e88d156-1c6b-42bd-b556-043c79cf104b', protocol='range'}
[awaitility-thread] INFO org.apache.kafka.clients.consumer.internals.ConsumerCoordinator - [Consumer clientId=consumer-order-processing-group-a7f62913-85df-4e0b-81d8-c4d085112fb2-1, groupId=order-processing-group-a7f62913-85df-4e0b-81d8-c4d085112fb2] Notifying assignor about the new Assignment(partitions=[order-input-0])
[awaitility-thread] INFO org.apache.kafka.clients.consumer.internals.ConsumerCoordinator - [Consumer clientId=consumer-order-processing-group-a7f62913-85df-4e0b-81d8-c4d085112fb2-1, groupId=order-processing-group-a7f62913-85df-4e0b-81d8-c4d085112fb2] Adding newly assigned partitions: order-input-0
[awaitility-thread] INFO org.apache.kafka.clients.consumer.internals.ConsumerCoordinator - [Consumer clientId=consumer-order-processing-group-a7f62913-85df-4e0b-81d8-c4d085112fb2-1, groupId=order-processing-group-a7f62913-85df-4e0b-81d8-c4d085112fb2] Found no committed offset for partition order-input-0
[awaitility-thread] INFO org.apache.kafka.clients.consumer.internals.SubscriptionState - [Consumer clientId=consumer-order-processing-group-a7f62913-85df-4e0b-81d8-c4d085112fb2-1, groupId=order-processing-group-a7f62913-85df-4e0b-81d8-c4d085112fb2] Resetting offset for partition order-input-0 to position FetchPosition{offset=0, offsetEpoch=Optional.empty, currentLeader=LeaderAndEpoch{leader=Optional[localhost:59956 (id: 1 rack: null)], epoch=0}}.
[awaitility-thread] INFO com.example.kafka.KafkaOrderProcessingTest - 📥 Message reçu : Order{id='ORDER-001', amount=150,00, status='NEW'}
[kafka-producer-network-thread | producer-2] WARN org.apache.kafka.clients.NetworkClient - [Producer clientId=producer-2] Error while fetching metadata with correlation id 4 : {order-processed=LEADER_NOT_AVAILABLE}
[kafka-producer-network-thread | producer-2] INFO org.apache.kafka.clients.Metadata - [Producer clientId=producer-2] Resetting the last seen epoch of partition order-processed-0 to 0 since the associated topicId changed from null to W3Jp0AKbTyGms6xy32nySQ
[awaitility-thread] INFO com.example.kafka.KafkaOrderProcessingTest - ✅ Order modifié envoyé dans le topic 'order-processed'
[main] INFO org.apache.kafka.clients.producer.KafkaProducer - [Producer clientId=producer-2] Closing the Kafka producer with timeoutMillis = 9223372036854775807 ms.
[main] INFO org.apache.kafka.common.metrics.Metrics - Metrics scheduler closed
[main] INFO org.apache.kafka.common.metrics.Metrics - Closing reporter org.apache.kafka.common.metrics.JmxReporter
[main] INFO org.apache.kafka.common.metrics.Metrics - Metrics reporters closed
[main] INFO org.apache.kafka.common.utils.AppInfoParser - App info kafka.producer for producer-2 unregistered
[main] INFO org.apache.kafka.clients.consumer.internals.ConsumerCoordinator - [Consumer clientId=consumer-order-processing-group-a7f62913-85df-4e0b-81d8-c4d085112fb2-1, groupId=order-processing-group-a7f62913-85df-4e0b-81d8-c4d085112fb2] Revoke previously assigned partitions order-input-0
[main] INFO org.apache.kafka.clients.consumer.internals.ConsumerCoordinator - [Consumer clientId=consumer-order-processing-group-a7f62913-85df-4e0b-81d8-c4d085112fb2-1, groupId=order-processing-group-a7f62913-85df-4e0b-81d8-c4d085112fb2] Member consumer-order-processing-group-a7f62913-85df-4e0b-81d8-c4d085112fb2-1-9e88d156-1c6b-42bd-b556-043c79cf104b sending LeaveGroup request to coordinator localhost:59956 (id: 2147483646 rack: null) due to the consumer is being closed
[main] INFO org.apache.kafka.clients.consumer.internals.ConsumerCoordinator - [Consumer clientId=consumer-order-processing-group-a7f62913-85df-4e0b-81d8-c4d085112fb2-1, groupId=order-processing-group-a7f62913-85df-4e0b-81d8-c4d085112fb2] Resetting generation and member id due to: consumer pro-actively leaving the group
[main] INFO org.apache.kafka.clients.consumer.internals.ConsumerCoordinator - [Consumer clientId=consumer-order-processing-group-a7f62913-85df-4e0b-81d8-c4d085112fb2-1, groupId=order-processing-group-a7f62913-85df-4e0b-81d8-c4d085112fb2] Request joining group due to: consumer pro-actively leaving the group
[main] INFO org.apache.kafka.common.metrics.Metrics - Metrics scheduler closed
[main] INFO org.apache.kafka.common.metrics.Metrics - Closing reporter org.apache.kafka.common.metrics.JmxReporter
[main] INFO org.apache.kafka.common.metrics.Metrics - Metrics reporters closed
[main] INFO org.apache.kafka.common.utils.AppInfoParser - App info kafka.consumer for consumer-order-processing-group-a7f62913-85df-4e0b-81d8-c4d085112fb2-1 unregistered
[main] INFO org.apache.kafka.clients.consumer.ConsumerConfig - ConsumerConfig values: 
	allow.auto.create.topics = true
	auto.commit.interval.ms = 5000
	auto.include.jmx.reporter = true
	auto.offset.reset = earliest
	bootstrap.servers = [PLAINTEXT://localhost:59956]
	check.crcs = true
	client.dns.lookup = use_all_dns_ips
	client.id = consumer-order-processing-group-a7f62913-85df-4e0b-81d8-c4d085112fb2-2
	client.rack = 
	connections.max.idle.ms = 540000
	default.api.timeout.ms = 60000
	enable.auto.commit = true
	exclude.internal.topics = true
	fetch.max.bytes = 52428800
	fetch.max.wait.ms = 500
	fetch.min.bytes = 1
	group.id = order-processing-group-a7f62913-85df-4e0b-81d8-c4d085112fb2
	group.instance.id = null
	heartbeat.interval.ms = 3000
	interceptor.classes = []
	internal.leave.group.on.close = true
	internal.throw.on.fetch.stable.offset.unsupported = false
	isolation.level = read_uncommitted
	key.deserializer = class org.apache.kafka.common.serialization.StringDeserializer
	max.partition.fetch.bytes = 1048576
	max.poll.interval.ms = 300000
	max.poll.records = 500
	metadata.max.age.ms = 300000
	metric.reporters = []
	metrics.num.samples = 2
	metrics.recording.level = INFO
	metrics.sample.window.ms = 30000
	partition.assignment.strategy = [class org.apache.kafka.clients.consumer.RangeAssignor, class org.apache.kafka.clients.consumer.CooperativeStickyAssignor]
	receive.buffer.bytes = 65536
	reconnect.backoff.max.ms = 1000
	reconnect.backoff.ms = 50
	request.timeout.ms = 30000
	retry.backoff.ms = 100
	sasl.client.callback.handler.class = null
	sasl.jaas.config = null
	sasl.kerberos.kinit.cmd = /usr/bin/kinit
	sasl.kerberos.min.time.before.relogin = 60000
	sasl.kerberos.service.name = null
	sasl.kerberos.ticket.renew.jitter = 0.05
	sasl.kerberos.ticket.renew.window.factor = 0.8
	sasl.login.callback.handler.class = null
	sasl.login.class = null
	sasl.login.connect.timeout.ms = null
	sasl.login.read.timeout.ms = null
	sasl.login.refresh.buffer.seconds = 300
	sasl.login.refresh.min.period.seconds = 60
	sasl.login.refresh.window.factor = 0.8
	sasl.login.refresh.window.jitter = 0.05
	sasl.login.retry.backoff.max.ms = 10000
	sasl.login.retry.backoff.ms = 100
	sasl.mechanism = GSSAPI
	sasl.oauthbearer.clock.skew.seconds = 30
	sasl.oauthbearer.expected.audience = null
	sasl.oauthbearer.expected.issuer = null
	sasl.oauthbearer.jwks.endpoint.refresh.ms = 3600000
	sasl.oauthbearer.jwks.endpoint.retry.backoff.max.ms = 10000
	sasl.oauthbearer.jwks.endpoint.retry.backoff.ms = 100
	sasl.oauthbearer.jwks.endpoint.url = null
	sasl.oauthbearer.scope.claim.name = scope
	sasl.oauthbearer.sub.claim.name = sub
	sasl.oauthbearer.token.endpoint.url = null
	security.protocol = PLAINTEXT
	security.providers = null
	send.buffer.bytes = 131072
	session.timeout.ms = 45000
	socket.connection.setup.timeout.max.ms = 30000
	socket.connection.setup.timeout.ms = 10000
	ssl.cipher.suites = null
	ssl.enabled.protocols = [TLSv1.2, TLSv1.3]
	ssl.endpoint.identification.algorithm = https
	ssl.engine.factory.class = null
	ssl.key.password = null
	ssl.keymanager.algorithm = SunX509
	ssl.keystore.certificate.chain = null
	ssl.keystore.key = null
	ssl.keystore.location = null
	ssl.keystore.password = null
	ssl.keystore.type = JKS
	ssl.protocol = TLSv1.3
	ssl.provider = null
	ssl.secure.random.implementation = null
	ssl.trustmanager.algorithm = PKIX
	ssl.truststore.certificates = null
	ssl.truststore.location = null
	ssl.truststore.password = null
	ssl.truststore.type = JKS
	value.deserializer = class org.apache.kafka.common.serialization.StringDeserializer

[main] INFO org.apache.kafka.common.utils.AppInfoParser - Kafka version: 3.4.0
[main] INFO org.apache.kafka.common.utils.AppInfoParser - Kafka commitId: 2e1947d240607d53
[main] INFO org.apache.kafka.common.utils.AppInfoParser - Kafka startTimeMs: 1748871876670
[main] INFO org.apache.kafka.clients.consumer.KafkaConsumer - [Consumer clientId=consumer-order-processing-group-a7f62913-85df-4e0b-81d8-c4d085112fb2-2, groupId=order-processing-group-a7f62913-85df-4e0b-81d8-c4d085112fb2] Subscribed to topic(s): order-processed
[awaitility-thread] INFO org.apache.kafka.clients.Metadata - [Consumer clientId=consumer-order-processing-group-a7f62913-85df-4e0b-81d8-c4d085112fb2-2, groupId=order-processing-group-a7f62913-85df-4e0b-81d8-c4d085112fb2] Resetting the last seen epoch of partition order-processed-0 to 0 since the associated topicId changed from null to W3Jp0AKbTyGms6xy32nySQ
[awaitility-thread] INFO org.apache.kafka.clients.Metadata - [Consumer clientId=consumer-order-processing-group-a7f62913-85df-4e0b-81d8-c4d085112fb2-2, groupId=order-processing-group-a7f62913-85df-4e0b-81d8-c4d085112fb2] Cluster ID: 69IDOqMNR32thgKImVHkiQ
[awaitility-thread] INFO org.apache.kafka.clients.consumer.internals.ConsumerCoordinator - [Consumer clientId=consumer-order-processing-group-a7f62913-85df-4e0b-81d8-c4d085112fb2-2, groupId=order-processing-group-a7f62913-85df-4e0b-81d8-c4d085112fb2] Discovered group coordinator localhost:59956 (id: 2147483646 rack: null)
[awaitility-thread] INFO org.apache.kafka.clients.consumer.internals.ConsumerCoordinator - [Consumer clientId=consumer-order-processing-group-a7f62913-85df-4e0b-81d8-c4d085112fb2-2, groupId=order-processing-group-a7f62913-85df-4e0b-81d8-c4d085112fb2] (Re-)joining group
[awaitility-thread] INFO org.apache.kafka.clients.consumer.internals.ConsumerCoordinator - [Consumer clientId=consumer-order-processing-group-a7f62913-85df-4e0b-81d8-c4d085112fb2-2, groupId=order-processing-group-a7f62913-85df-4e0b-81d8-c4d085112fb2] Request joining group due to: need to re-join with the given member-id: consumer-order-processing-group-a7f62913-85df-4e0b-81d8-c4d085112fb2-2-7d06c891-10b4-46bb-b465-65850691ccb1
[awaitility-thread] INFO org.apache.kafka.clients.consumer.internals.ConsumerCoordinator - [Consumer clientId=consumer-order-processing-group-a7f62913-85df-4e0b-81d8-c4d085112fb2-2, groupId=order-processing-group-a7f62913-85df-4e0b-81d8-c4d085112fb2] Request joining group due to: rebalance failed due to 'The group member needs to have a valid member id before actually entering a consumer group.' (MemberIdRequiredException)
[awaitility-thread] INFO org.apache.kafka.clients.consumer.internals.ConsumerCoordinator - [Consumer clientId=consumer-order-processing-group-a7f62913-85df-4e0b-81d8-c4d085112fb2-2, groupId=order-processing-group-a7f62913-85df-4e0b-81d8-c4d085112fb2] (Re-)joining group
[awaitility-thread] INFO org.apache.kafka.clients.consumer.internals.ConsumerCoordinator - [Consumer clientId=consumer-order-processing-group-a7f62913-85df-4e0b-81d8-c4d085112fb2-2, groupId=order-processing-group-a7f62913-85df-4e0b-81d8-c4d085112fb2] Successfully joined group with generation Generation{generationId=3, memberId='consumer-order-processing-group-a7f62913-85df-4e0b-81d8-c4d085112fb2-2-7d06c891-10b4-46bb-b465-65850691ccb1', protocol='range'}
[awaitility-thread] INFO org.apache.kafka.clients.consumer.internals.ConsumerCoordinator - [Consumer clientId=consumer-order-processing-group-a7f62913-85df-4e0b-81d8-c4d085112fb2-2, groupId=order-processing-group-a7f62913-85df-4e0b-81d8-c4d085112fb2] Finished assignment for group at generation 3: {consumer-order-processing-group-a7f62913-85df-4e0b-81d8-c4d085112fb2-2-7d06c891-10b4-46bb-b465-65850691ccb1=Assignment(partitions=[order-processed-0])}
[awaitility-thread] INFO org.apache.kafka.clients.consumer.internals.ConsumerCoordinator - [Consumer clientId=consumer-order-processing-group-a7f62913-85df-4e0b-81d8-c4d085112fb2-2, groupId=order-processing-group-a7f62913-85df-4e0b-81d8-c4d085112fb2] Successfully synced group in generation Generation{generationId=3, memberId='consumer-order-processing-group-a7f62913-85df-4e0b-81d8-c4d085112fb2-2-7d06c891-10b4-46bb-b465-65850691ccb1', protocol='range'}
[awaitility-thread] INFO org.apache.kafka.clients.consumer.internals.ConsumerCoordinator - [Consumer clientId=consumer-order-processing-group-a7f62913-85df-4e0b-81d8-c4d085112fb2-2, groupId=order-processing-group-a7f62913-85df-4e0b-81d8-c4d085112fb2] Notifying assignor about the new Assignment(partitions=[order-processed-0])
[awaitility-thread] INFO org.apache.kafka.clients.consumer.internals.ConsumerCoordinator - [Consumer clientId=consumer-order-processing-group-a7f62913-85df-4e0b-81d8-c4d085112fb2-2, groupId=order-processing-group-a7f62913-85df-4e0b-81d8-c4d085112fb2] Adding newly assigned partitions: order-processed-0
[awaitility-thread] INFO org.apache.kafka.clients.consumer.internals.ConsumerCoordinator - [Consumer clientId=consumer-order-processing-group-a7f62913-85df-4e0b-81d8-c4d085112fb2-2, groupId=order-processing-group-a7f62913-85df-4e0b-81d8-c4d085112fb2] Found no committed offset for partition order-processed-0
[awaitility-thread] INFO org.apache.kafka.clients.consumer.internals.SubscriptionState - [Consumer clientId=consumer-order-processing-group-a7f62913-85df-4e0b-81d8-c4d085112fb2-2, groupId=order-processing-group-a7f62913-85df-4e0b-81d8-c4d085112fb2] Resetting offset for partition order-processed-0 to position FetchPosition{offset=0, offsetEpoch=Optional.empty, currentLeader=LeaderAndEpoch{leader=Optional[localhost:59956 (id: 1 rack: null)], epoch=0}}.
[awaitility-thread] INFO com.example.kafka.KafkaOrderProcessingTest - 🔎 Message final reçu : Order{id='ORDER-001', amount=150,00, status='ALERT'}
[main] INFO org.apache.kafka.clients.consumer.internals.ConsumerCoordinator - [Consumer clientId=consumer-order-processing-group-a7f62913-85df-4e0b-81d8-c4d085112fb2-2, groupId=order-processing-group-a7f62913-85df-4e0b-81d8-c4d085112fb2] Revoke previously assigned partitions order-processed-0
[main] INFO org.apache.kafka.clients.consumer.internals.ConsumerCoordinator - [Consumer clientId=consumer-order-processing-group-a7f62913-85df-4e0b-81d8-c4d085112fb2-2, groupId=order-processing-group-a7f62913-85df-4e0b-81d8-c4d085112fb2] Member consumer-order-processing-group-a7f62913-85df-4e0b-81d8-c4d085112fb2-2-7d06c891-10b4-46bb-b465-65850691ccb1 sending LeaveGroup request to coordinator localhost:59956 (id: 2147483646 rack: null) due to the consumer is being closed
[main] INFO org.apache.kafka.clients.consumer.internals.ConsumerCoordinator - [Consumer clientId=consumer-order-processing-group-a7f62913-85df-4e0b-81d8-c4d085112fb2-2, groupId=order-processing-group-a7f62913-85df-4e0b-81d8-c4d085112fb2] Resetting generation and member id due to: consumer pro-actively leaving the group
[main] INFO org.apache.kafka.clients.consumer.internals.ConsumerCoordinator - [Consumer clientId=consumer-order-processing-group-a7f62913-85df-4e0b-81d8-c4d085112fb2-2, groupId=order-processing-group-a7f62913-85df-4e0b-81d8-c4d085112fb2] Request joining group due to: consumer pro-actively leaving the group
[main] INFO org.apache.kafka.common.metrics.Metrics - Metrics scheduler closed
[main] INFO org.apache.kafka.common.metrics.Metrics - Closing reporter org.apache.kafka.common.metrics.JmxReporter
[main] INFO org.apache.kafka.common.metrics.Metrics - Metrics reporters closed
[main] INFO org.apache.kafka.common.utils.AppInfoParser - App info kafka.consumer for consumer-order-processing-group-a7f62913-85df-4e0b-81d8-c4d085112fb2-2 unregistered
]]></system-err>
  </testcase>
</testsuite>